<?xml version="1.0" encoding="UTF-8"?>
<!-- Generated by org.testng.reporters.JUnitReportReporter -->
<testsuite hostname="SASI-laptop" failures="0" tests="1" name="tests.CartTest" time="10.615" errors="0" timestamp="2025-09-09T15:52:16 IST" skipped="0">
  <testcase classname="tests.CartTest" name="testProceedToCheckoutFromCart" time="10.615"/>
</testsuite> <!-- tests.CartTest -->
