<?xml version="1.0" encoding="UTF-8"?>
<!-- Generated by org.testng.reporters.JUnitReportReporter -->
<testsuite hostname="SASI-laptop" failures="0" tests="5" name="tests.RegisterTest" time="49.187" errors="0" timestamp="2025-09-09T15:52:16 IST" skipped="0">
  <testcase classname="tests.RegisterTest" name="testUserRegistrationWithValidCredentials" time="10.356"/>
  <testcase classname="tests.RegisterTest" name="testUserRegistrationWithExistingEmail" time="7.709"/>
  <testcase classname="tests.RegisterTest" name="testUserRegistrationWithPasswordMismatch" time="13.277"/>
  <testcase classname="tests.RegisterTest" name="testUserRegistrationWithWeakPassword" time="12.538"/>
  <testcase classname="tests.RegisterTest" name="testUserRegistrationWithEmptyFields" time="5.307"/>
</testsuite> <!-- tests.RegisterTest -->
