<?xml version="1.0" encoding="UTF-8"?>
<!-- Generated by org.testng.reporters.JUnitReportReporter -->
<testsuite hostname="SASI-laptop" failures="0" tests="6" name="runner.TestRunner" time="92.342" errors="0" timestamp="2025-09-09T15:52:16 IST" skipped="0">
  <testcase classname="runner.TestRunner" name="runScenario" time="10.629"/>
  <testcase classname="runner.TestRunner" name="runScenario" time="19.366"/>
  <testcase classname="runner.TestRunner" name="runScenario" time="14.194"/>
  <testcase classname="runner.TestRunner" name="runScenario" time="20.458"/>
  <testcase classname="runner.TestRunner" name="runScenario" time="13.916"/>
  <testcase classname="runner.TestRunner" name="runScenario" time="13.779"/>
</testsuite> <!-- runner.TestRunner -->
