<?xml version="1.0" encoding="UTF-8"?>
<!-- Generated by org.testng.reporters.JUnitReportReporter -->
<testsuite hostname="SASI-laptop" failures="0" tests="5" name="tests.LoginTest" time="30.827" errors="0" timestamp="2025-09-09T15:52:16 IST" skipped="0">
  <testcase classname="tests.LoginTest" name="testUserLoginWithValidCredentials" time="5.156"/>
  <testcase classname="tests.LoginTest" name="testUserLoginWithInvalidCredentials" time="4.924"/>
  <testcase classname="tests.LoginTest" name="testUserLogout" time="8.288"/>
  <testcase classname="tests.LoginTest" name="testLoginWithEmptyCredentials" time="6.603"/>
  <testcase classname="tests.LoginTest" name="testLoginWithEmptyPassword" time="5.856"/>
</testsuite> <!-- tests.LoginTest -->
