<?xml version="1.0" encoding="UTF-8"?>
<!-- Generated by org.testng.reporters.JUnitReportReporter -->
<testsuite hostname="SASI-laptop" failures="0" tests="5" name="tests.ProductTest" time="32.413" errors="0" timestamp="2025-09-09T15:52:16 IST" skipped="0">
  <testcase classname="tests.ProductTest" name="testViewProductDetails" time="4.376"/>
  <testcase classname="tests.ProductTest" name="testAddConfigurableProductToCart" time="9.875"/>
  <testcase classname="tests.ProductTest" name="testAddSimpleProductToCartFromCategory" time="6.589"/>
  <testcase classname="tests.ProductTest" name="testProductSearchFunctionality" time="6.873"/>
  <testcase classname="tests.ProductTest" name="testProductFilterFunctionality" time="4.700"/>
</testsuite> <!-- tests.ProductTest -->
