<?xml version="1.0" encoding="UTF-8"?>
<!-- Generated by org.testng.reporters.JUnitReportReporter -->
<testsuite hostname="SASI-laptop" failures="0" tests="5" name="tests.ProductTest" time="39.491" errors="0" timestamp="2025-09-09T13:25:01 IST" skipped="0">
  <testcase classname="tests.ProductTest" name="testViewProductDetails" time="6.959"/>
  <testcase classname="tests.ProductTest" name="testAddConfigurableProductToCart" time="7.085"/>
  <testcase classname="tests.ProductTest" name="testAddSimpleProductToCartFromCategory" time="10.245"/>
  <testcase classname="tests.ProductTest" name="testProductSearchFunctionality" time="7.952"/>
  <testcase classname="tests.ProductTest" name="testProductFilterFunctionality" time="7.250"/>
</testsuite> <!-- tests.ProductTest -->
