<?xml version="1.0" encoding="UTF-8"?>
<!-- Generated by org.testng.reporters.JUnitReportReporter -->
<testsuite hostname="SASI-laptop" failures="0" tests="6" name="runner.TestRunner" time="73.143" errors="0" timestamp="2025-09-09T13:25:01 IST" skipped="0">
  <testcase classname="runner.TestRunner" name="runScenario" time="10.609"/>
  <testcase classname="runner.TestRunner" name="runScenario" time="11.012"/>
  <testcase classname="runner.TestRunner" name="runScenario" time="10.538"/>
  <testcase classname="runner.TestRunner" name="runScenario" time="15.552"/>
  <testcase classname="runner.TestRunner" name="runScenario" time="12.654"/>
  <testcase classname="runner.TestRunner" name="runScenario" time="12.778"/>
</testsuite> <!-- runner.TestRunner -->
