<?xml version="1.0" encoding="UTF-8"?>
<!-- Generated by org.testng.reporters.JUnitReportReporter -->
<testsuite hostname="SASI-laptop" failures="0" tests="5" name="tests.RegisterTest" time="49.008" errors="0" timestamp="2025-09-09T13:25:01 IST" skipped="0">
  <testcase classname="tests.RegisterTest" name="testUserRegistrationWithValidCredentials" time="13.938"/>
  <testcase classname="tests.RegisterTest" name="testUserRegistrationWithExistingEmail" time="14.604"/>
  <testcase classname="tests.RegisterTest" name="testUserRegistrationWithPasswordMismatch" time="6.436"/>
  <testcase classname="tests.RegisterTest" name="testUserRegistrationWithWeakPassword" time="8.491"/>
  <testcase classname="tests.RegisterTest" name="testUserRegistrationWithEmptyFields" time="5.539"/>
</testsuite> <!-- tests.RegisterTest -->
