<?xml version="1.0" encoding="UTF-8"?>
<!-- Generated by org.testng.reporters.JUnitReportReporter -->
<testsuite hostname="SASI-laptop" failures="0" tests="1" name="tests.CartTest" time="9.012" errors="0" timestamp="2025-09-09T13:25:01 IST" skipped="0">
  <testcase classname="tests.CartTest" name="testProceedToCheckoutFromCart" time="9.012"/>
</testsuite> <!-- tests.CartTest -->
