<?xml version="1.0" encoding="UTF-8"?>
<!-- Generated by org.testng.reporters.JUnitReportReporter -->
<testsuite hostname="SASI-laptop" failures="0" tests="5" name="tests.LoginTest" time="36.560" errors="0" timestamp="2025-09-09T13:25:01 IST" skipped="0">
  <testcase classname="tests.LoginTest" name="testUserLoginWithValidCredentials" time="10.405"/>
  <testcase classname="tests.LoginTest" name="testUserLoginWithInvalidCredentials" time="7.671"/>
  <testcase classname="tests.LoginTest" name="testUserLogout" time="6.357"/>
  <testcase classname="tests.LoginTest" name="testLoginWithEmptyCredentials" time="4.335"/>
  <testcase classname="tests.LoginTest" name="testLoginWithEmptyPassword" time="7.792"/>
</testsuite> <!-- tests.LoginTest -->
